<?xml version="1.0" encoding="UTF-8"?>
<testsuite xmlns:xsi="http://www.w3.org/2001/XMLSchema-instance" xsi:noNamespaceSchemaLocation="https://maven.apache.org/surefire/maven-surefire-plugin/xsd/surefire-test-report-3.0.xsd" version="3.0" name="com.mobiliz.test.test.LoginTest" time="0.284" tests="1" errors="0" skipped="0" failures="0">
  <properties>
[...]
</properties>
  <testcase name="loginTest" classname="com.mobiliz.test.test.LoginTest" time="0.28">
    <system-out><![CDATA[âœ… Login token for UDSY2: 0b045f078308417f252322a9846f011f42435b4b75c5db77c44be695fe43bf13
âœ… Login token for UDSY1: ccc63108a1a1b49f8defba838ccdddc364309e9f70eb2c935623bab0c4c14dec
]]></system-out>
  </testcase>
</testsuite>